<?xml version="1.0" encoding="UTF-8"?>
<!-- Generated by org.testng.reporters.JUnitReportReporter -->
<testsuite hostname="Atyam" failures="0" tests="1" name="Java_Script_Executer.JavaSE_AsynTest" time="17.816" errors="0" timestamp="23 Jul 2019 11:43:03 GMT" skipped="0">
  <testcase classname="Java_Script_Executer.JavaSE_AsynTest" name="Login" time="17.816"/>
</testsuite> <!-- Java_Script_Executer.JavaSE_AsynTest -->
