<?xml version="1.0" encoding="UTF-8"?>
<!-- Generated by org.testng.reporters.JUnitReportReporter -->
<testsuite hostname="Atyam" failures="0" tests="1" name="Java_Script_Executer.JavaSE_Test2" time="15.647" errors="0" timestamp="24 Jul 2019 11:59:12 GMT" skipped="0">
  <testcase classname="Java_Script_Executer.JavaSE_Test2" name="Login" time="15.647"/>
</testsuite> <!-- Java_Script_Executer.JavaSE_Test2 -->
