<?xml version="1.0" encoding="UTF-8"?>
<!-- Generated by org.testng.reporters.JUnitReportReporter -->
<testsuite hostname="Atyam" failures="0" tests="2" name="Nationality.MercuryDataProvider3" time="43.171" errors="0" timestamp="19 Jul 2019 08:12:43 GMT" skipped="0">
  <testcase classname="Nationality.MercuryDataProvider3" name="Test1" time="15.552"/>
  <testcase classname="Nationality.MercuryDataProvider3" name="Test1" time="27.619"/>
</testsuite> <!-- Nationality.MercuryDataProvider3 -->
