<?xml version="1.0" encoding="UTF-8"?>
<!-- Generated by org.testng.reporters.JUnitReportReporter -->
<testsuite hostname="Atyam" failures="0" tests="1" name="Java_Script_Executer.JavaSE_Test" time="12.203" errors="0" timestamp="24 Jul 2019 10:10:25 GMT" skipped="0">
  <testcase classname="Java_Script_Executer.JavaSE_Test" name="Login" time="12.203"/>
</testsuite> <!-- Java_Script_Executer.JavaSE_Test -->
