<?xml version="1.0" encoding="UTF-8"?>
<!-- Generated by org.testng.reporters.JUnitReportReporter -->
<testsuite hostname="Atyam" failures="0" tests="5" name="Nationality.NonPriorityizedMethods" time="0.042" errors="0" timestamp="21 Jul 2019 08:14:01 GMT" skipped="0">
  <testcase classname="Nationality.NonPriorityizedMethods" name="e_method" time="0.004"/>
  <testcase classname="Nationality.NonPriorityizedMethods" name="a_method" time="0.023"/>
  <testcase classname="Nationality.NonPriorityizedMethods" name="d_method" time="0.004"/>
  <testcase classname="Nationality.NonPriorityizedMethods" name="c_method" time="0.008"/>
  <testcase classname="Nationality.NonPriorityizedMethods" name="b_method" time="0.003"/>
</testsuite> <!-- Nationality.NonPriorityizedMethods -->
