<?xml version="1.0" encoding="UTF-8"?>
<!-- Generated by org.testng.reporters.JUnitReportReporter -->
<testsuite hostname="Atyam" failures="0" tests="1" name="Java_Script_Executer.JavaSE_Ver_pixcel" time="12.805" errors="0" timestamp="25 Jul 2019 10:07:44 GMT" skipped="0">
  <testcase classname="Java_Script_Executer.JavaSE_Ver_pixcel" name="Login" time="12.805"/>
</testsuite> <!-- Java_Script_Executer.JavaSE_Ver_pixcel -->
