<?xml version="1.0" encoding="UTF-8"?>
<!-- Generated by org.testng.reporters.JUnitReportReporter -->
<testsuite hostname="Atyam" failures="0" tests="1" name="Java_Script_Executer.JavaSE_Hori_pixcel" time="13.888" errors="0" timestamp="25 Jul 2019 10:12:54 GMT" skipped="0">
  <testcase classname="Java_Script_Executer.JavaSE_Hori_pixcel" name="Login" time="13.888"/>
</testsuite> <!-- Java_Script_Executer.JavaSE_Hori_pixcel -->
