<?xml version="1.0" encoding="UTF-8"?>
<!-- Generated by org.testng.reporters.JUnitReportReporter -->
<testsuite hostname="Atyam" failures="0" tests="1" name="Nationality.MercuryParameters" time="14.619" errors="0" timestamp="19 Jul 2019 07:58:47 GMT" skipped="0">
  <testcase classname="Nationality.MercuryParameters" name="Test1" time="14.619"/>
</testsuite> <!-- Nationality.MercuryParameters -->
