<?xml version="1.0" encoding="UTF-8"?>
<!-- Generated by org.testng.reporters.JUnitReportReporter -->
<testsuite hostname="admin-PC" failures="0" tests="1" name="Nationality.Highlight3" time="30.600" errors="0" timestamp="17 Jul 2019 23:37:17 GMT" skipped="0">
  <testcase classname="Nationality.Highlight3" name="Test1" time="30.600"/>
</testsuite> <!-- Nationality.Highlight3 -->
