<?xml version="1.0" encoding="UTF-8"?>
<!-- Generated by org.testng.reporters.JUnitReportReporter -->
<testsuite hostname="Atyam" failures="0" tests="4" name="Nationality.Priority2" time="14.062" errors="0" timestamp="21 Jul 2019 10:34:40 GMT" skipped="0">
  <testcase classname="Nationality.Priority2" name="Method4" time="5.889"/>
  <testcase classname="Nationality.Priority2" name="Method1" time="1.841"/>
  <testcase classname="Nationality.Priority2" name="Method2" time="3.305"/>
  <testcase classname="Nationality.Priority2" name="Method3" time="3.027"/>
</testsuite> <!-- Nationality.Priority2 -->
