<?xml version="1.0" encoding="UTF-8"?>
<!-- Generated by org.testng.reporters.JUnitReportReporter -->
<testsuite hostname="Atyam" failures="0" tests="1" name="Nationality.selegrid" time="9.818" errors="0" timestamp="28 Jul 2019 10:51:29 GMT" skipped="0">
  <testcase classname="Nationality.selegrid" name="simpleTest" time="9.818"/>
</testsuite> <!-- Nationality.selegrid -->
