<?xml version="1.0" encoding="UTF-8"?>
<!-- Generated by org.testng.reporters.JUnitReportReporter -->
<testsuite hostname="Atyam" failures="0" tests="3" name="Nationality.MercuryDataProvider2" time="58.919" errors="0" timestamp="19 Jul 2019 07:27:15 GMT" skipped="0">
  <testcase classname="Nationality.MercuryDataProvider2" name="Test1" time="24.959"/>
  <testcase classname="Nationality.MercuryDataProvider2" name="Test1" time="19.247"/>
  <testcase classname="Nationality.MercuryDataProvider2" name="Test1" time="14.713"/>
</testsuite> <!-- Nationality.MercuryDataProvider2 -->
